{"contracts\\Lottery.sol":{"l":{"49":3,"50":3,"51":3,"52":3,"53":3,"54":3,"55":3,"56":3,"61":8,"62":1,"64":7,"65":1,"67":6,"68":6,"82":6,"83":6,"84":6,"85":6,"86":6,"87":6,"93":2,"94":2,"95":0,"101":2,"102":2,"109":2,"113":0,"114":0,"115":0,"116":0,"117":0,"118":0,"119":0,"120":0,"121":0,"123":0,"127":9,"131":1,"135":0,"139":2,"143":0,"147":0,"151":0,"155":0,"159":9},"path":"E:\\solidity\\hardhat\\hardhat_lottery\\contracts\\Lottery.sol","s":{"1":3,"2":3,"3":3,"4":3,"5":3,"6":3,"7":3,"8":3,"9":8,"10":7,"11":6,"12":6,"13":6,"14":6,"15":6,"16":6,"17":6,"18":6,"19":2,"20":2,"21":2,"22":2,"23":2,"24":0,"25":0,"26":0,"27":0,"28":0,"29":0,"30":0,"31":0,"32":0,"33":9,"34":1,"35":0,"36":2,"37":0,"38":0,"39":0,"40":0,"41":9},"b":{"1":[1,7],"2":[1,6],"3":[0,2],"4":[0,0]},"f":{"1":3,"2":8,"3":6,"4":2,"5":0,"6":9,"7":1,"8":0,"9":2,"10":0,"11":0,"12":0,"13":0,"14":9},"fnMap":{"1":{"name":"constructor","line":48,"loc":{"start":{"line":41,"column":4},"end":{"line":57,"column":4}}},"2":{"name":"enterLottery","line":60,"loc":{"start":{"line":60,"column":4},"end":{"line":69,"column":4}}},"3":{"name":"checkUpkeep","line":71,"loc":{"start":{"line":71,"column":4},"end":{"line":88,"column":4}}},"4":{"name":"performUpkeep","line":90,"loc":{"start":{"line":90,"column":4},"end":{"line":110,"column":4}}},"5":{"name":"fulfillRandomWords","line":112,"loc":{"start":{"line":112,"column":4},"end":{"line":124,"column":4}}},"6":{"name":"getEntranceFee","line":126,"loc":{"start":{"line":126,"column":4},"end":{"line":128,"column":4}}},"7":{"name":"getPlayer","line":130,"loc":{"start":{"line":130,"column":4},"end":{"line":132,"column":4}}},"8":{"name":"getRecentWinner","line":134,"loc":{"start":{"line":134,"column":4},"end":{"line":136,"column":4}}},"9":{"name":"getLotteryState","line":138,"loc":{"start":{"line":138,"column":4},"end":{"line":140,"column":4}}},"10":{"name":"getNumWords","line":142,"loc":{"start":{"line":142,"column":4},"end":{"line":144,"column":4}}},"11":{"name":"getNumberOfPlayers","line":146,"loc":{"start":{"line":146,"column":4},"end":{"line":148,"column":4}}},"12":{"name":"getLastTimeStamp","line":150,"loc":{"start":{"line":150,"column":4},"end":{"line":152,"column":4}}},"13":{"name":"getRequestConfirmations","line":154,"loc":{"start":{"line":154,"column":4},"end":{"line":156,"column":4}}},"14":{"name":"getInterval","line":158,"loc":{"start":{"line":158,"column":4},"end":{"line":160,"column":4}}}},"statementMap":{"1":{"start":{"line":49,"column":8},"end":{"line":49,"column":34}},"2":{"start":{"line":50,"column":8},"end":{"line":50,"column":69}},"3":{"start":{"line":51,"column":8},"end":{"line":51,"column":26}},"4":{"start":{"line":52,"column":8},"end":{"line":52,"column":40}},"5":{"start":{"line":53,"column":8},"end":{"line":53,"column":44}},"6":{"start":{"line":54,"column":8},"end":{"line":54,"column":41}},"7":{"start":{"line":55,"column":8},"end":{"line":55,"column":40}},"8":{"start":{"line":56,"column":8},"end":{"line":56,"column":28}},"9":{"start":{"line":61,"column":8},"end":{"line":61,"column":2145}},"10":{"start":{"line":64,"column":8},"end":{"line":64,"column":2243}},"11":{"start":{"line":67,"column":8},"end":{"line":67,"column":42}},"12":{"start":{"line":68,"column":8},"end":{"line":68,"column":37}},"13":{"start":{"line":82,"column":8},"end":{"line":82,"column":59}},"14":{"start":{"line":83,"column":8},"end":{"line":83,"column":76}},"15":{"start":{"line":84,"column":8},"end":{"line":84,"column":48}},"16":{"start":{"line":85,"column":8},"end":{"line":85,"column":51}},"17":{"start":{"line":86,"column":8},"end":{"line":86,"column":72}},"18":{"start":{"line":87,"column":8},"end":{"line":87,"column":32}},"19":{"start":{"line":93,"column":8},"end":{"line":93,"column":47}},"20":{"start":{"line":94,"column":8},"end":{"line":94,"column":3189}},"21":{"start":{"line":101,"column":8},"end":{"line":101,"column":48}},"22":{"start":{"line":102,"column":8},"end":{"line":102,"column":3461}},"23":{"start":{"line":109,"column":8},"end":{"line":109,"column":46}},"24":{"start":{"line":113,"column":8},"end":{"line":113,"column":65}},"25":{"start":{"line":114,"column":8},"end":{"line":114,"column":63}},"26":{"start":{"line":115,"column":8},"end":{"line":115,"column":36}},"27":{"start":{"line":116,"column":8},"end":{"line":116,"column":41}},"28":{"start":{"line":117,"column":8},"end":{"line":117,"column":43}},"29":{"start":{"line":118,"column":8},"end":{"line":118,"column":40}},"30":{"start":{"line":119,"column":8},"end":{"line":119,"column":78}},"31":{"start":{"line":120,"column":8},"end":{"line":120,"column":4226}},"32":{"start":{"line":123,"column":8},"end":{"line":123,"column":39}},"33":{"start":{"line":127,"column":8},"end":{"line":127,"column":28}},"34":{"start":{"line":131,"column":8},"end":{"line":131,"column":31}},"35":{"start":{"line":135,"column":8},"end":{"line":135,"column":29}},"36":{"start":{"line":139,"column":8},"end":{"line":139,"column":29}},"37":{"start":{"line":143,"column":8},"end":{"line":143,"column":24}},"38":{"start":{"line":147,"column":8},"end":{"line":147,"column":31}},"39":{"start":{"line":151,"column":8},"end":{"line":151,"column":30}},"40":{"start":{"line":155,"column":8},"end":{"line":155,"column":36}},"41":{"start":{"line":159,"column":8},"end":{"line":159,"column":25}}},"branchMap":{"1":{"line":61,"type":"if","locations":[{"start":{"line":61,"column":8},"end":{"line":61,"column":8}},{"start":{"line":61,"column":8},"end":{"line":61,"column":8}}]},"2":{"line":64,"type":"if","locations":[{"start":{"line":64,"column":8},"end":{"line":64,"column":8}},{"start":{"line":64,"column":8},"end":{"line":64,"column":8}}]},"3":{"line":94,"type":"if","locations":[{"start":{"line":94,"column":8},"end":{"line":94,"column":8}},{"start":{"line":94,"column":8},"end":{"line":94,"column":8}}]},"4":{"line":120,"type":"if","locations":[{"start":{"line":120,"column":8},"end":{"line":120,"column":8}},{"start":{"line":120,"column":8},"end":{"line":120,"column":8}}]}}},"contracts\\test\\VRFCoordinatorV2Mock.sol":{"l":{},"path":"E:\\solidity\\hardhat\\hardhat_lottery\\contracts\\test\\VRFCoordinatorV2Mock.sol","s":{},"b":{},"f":{},"fnMap":{},"statementMap":{},"branchMap":{}}}