TN:
SF:E:\solidity\hardhat\hardhat_lottery\contracts\Lottery.sol
FN:48,constructor
FN:60,enterLottery
FN:71,checkUpkeep
FN:90,performUpkeep
FN:112,fulfillRandomWords
FN:126,getEntranceFee
FN:130,getPlayer
FN:134,getRecentWinner
FN:138,getLotteryState
FN:142,getNumWords
FN:146,getNumberOfPlayers
FN:150,getLastTimeStamp
FN:154,getRequestConfirmations
FN:158,getInterval
FNF:14
FNH:8
FNDA:3,constructor
FNDA:8,enterLottery
FNDA:6,checkUpkeep
FNDA:2,performUpkeep
FNDA:0,fulfillRandomWords
FNDA:9,getEntranceFee
FNDA:1,getPlayer
FNDA:0,getRecentWinner
FNDA:2,getLotteryState
FNDA:0,getNumWords
FNDA:0,getNumberOfPlayers
FNDA:0,getLastTimeStamp
FNDA:0,getRequestConfirmations
FNDA:9,getInterval
DA:49,3
DA:50,3
DA:51,3
DA:52,3
DA:53,3
DA:54,3
DA:55,3
DA:56,3
DA:61,8
DA:62,1
DA:64,7
DA:65,1
DA:67,6
DA:68,6
DA:82,6
DA:83,6
DA:84,6
DA:85,6
DA:86,6
DA:87,6
DA:93,2
DA:94,2
DA:95,0
DA:101,2
DA:102,2
DA:109,2
DA:113,0
DA:114,0
DA:115,0
DA:116,0
DA:117,0
DA:118,0
DA:119,0
DA:120,0
DA:121,0
DA:123,0
DA:127,9
DA:131,1
DA:135,0
DA:139,2
DA:143,0
DA:147,0
DA:151,0
DA:155,0
DA:159,9
LF:45
LH:29
BRDA:61,1,0,1
BRDA:61,1,1,7
BRDA:64,2,0,1
BRDA:64,2,1,6
BRDA:94,3,0,0
BRDA:94,3,1,2
BRDA:120,4,0,0
BRDA:120,4,1,0
BRF:8
BRH:5
end_of_record
TN:
SF:E:\solidity\hardhat\hardhat_lottery\contracts\test\VRFCoordinatorV2Mock.sol
FNF:0
FNH:0
LF:0
LH:0
BRF:0
BRH:0
end_of_record
